c:\users\shantanu\source\repos\logger\logger\debug\vc142.pdb
c:\users\shantanu\source\repos\logger\logger\debug\vc142.idb
c:\users\shantanu\source\repos\logger\logger\debug\logger.obj
c:\users\shantanu\source\repos\logger\logger\debug\main.obj
c:\users\shantanu\source\repos\logger\debug\logger.ilk
c:\users\shantanu\source\repos\logger\debug\logger.exe
c:\users\shantanu\source\repos\logger\debug\logger.pdb
c:\users\shant\onedrive\documents\misc\growth work\local\logger\logger\logger\debug\logger.obj
c:\users\shant\onedrive\documents\misc\growth work\local\logger\logger\logger\debug\main.obj
c:\users\shant\onedrive\documents\misc\growth work\local\logger\logger\logger\debug\vc142.idb
c:\users\shant\onedrive\documents\misc\growth work\local\logger\logger\logger\debug\vc142.pdb
c:\users\shant\onedrive\documents\misc\growth work\local\logger\logger\debug\logger.pdb
c:\users\shant\onedrive\documents\misc\growth work\local\logger\logger\debug\logger.exe
c:\users\shant\onedrive\documents\misc\growth work\local\logger\logger\debug\logger.ilk
c:\users\shant\onedrive\documents\misc\growth work\local\logger\logger\logger\debug\logger.tlog\cl.command.1.tlog
c:\users\shant\onedrive\documents\misc\growth work\local\logger\logger\logger\debug\logger.tlog\cl.read.1.tlog
c:\users\shant\onedrive\documents\misc\growth work\local\logger\logger\logger\debug\logger.tlog\cl.write.1.tlog
c:\users\shant\onedrive\documents\misc\growth work\local\logger\logger\logger\debug\logger.tlog\link.command.1.tlog
c:\users\shant\onedrive\documents\misc\growth work\local\logger\logger\logger\debug\logger.tlog\link.read.1.tlog
c:\users\shant\onedrive\documents\misc\growth work\local\logger\logger\logger\debug\logger.tlog\link.write.1.tlog
